\BOOKMARK [0][-]{chapter.1}{\376\377\000I\000l\000\040\000m\000o\000n\000d\000o\000\040\000e\000\040\000l\000a\000\040\000m\000e\000n\000t\000e}{}% 1
\BOOKMARK [1][-]{section.1.1}{\376\377\000F\000r\000a\000m\000e\000s\000\040\000d\000e\000l\000l\000a\000\040\000m\000e\000n\000t\000e}{chapter.1}% 2
\BOOKMARK [1][-]{section.1.2}{\376\377\000I\000l\000l\000u\000s\000i\000o\000n\000i\000\040\000o\000t\000t\000i\000c\000h\000e}{chapter.1}% 3
\BOOKMARK [1][-]{section.1.3}{\376\377\000F\000a\000l\000l\000a\000c\000i\000e\000\040\000m\000e\000n\000t\000a\000l\000i}{chapter.1}% 4
\BOOKMARK [1][-]{section.1.4}{\376\377\000Q\000u\000i\000n\000d\000i\000?}{chapter.1}% 5
\BOOKMARK [0][-]{chapter.2}{\376\377\000R\000a\000p\000p\000r\000e\000s\000e\000n\000t\000a\000z\000i\000o\000n\000i}{}% 6
\BOOKMARK [1][-]{section.2.1}{\376\377\000I\000l\000\040\000g\000a\000p\000\040\000s\000e\000m\000a\000n\000t\000i\000c\000o}{chapter.2}% 7
\BOOKMARK [1][-]{section.2.2}{\376\377\000R\000a\000p\000p\000r\000e\000s\000e\000n\000t\000a\000z\000i\000o\000n\000i\000\040\000m\000e\000n\000t\000a\000l\000i}{chapter.2}% 8
\BOOKMARK [1][-]{section.2.3}{\376\377\000R\000a\000p\000p\000r\000e\000s\000e\000n\000t\000a\000z\000i\000o\000n\000i}{chapter.2}% 9
\BOOKMARK [1][-]{section.2.4}{\376\377\000E\000s\000e\000r\000c\000i\000z\000i}{chapter.2}% 10
\BOOKMARK [0][-]{chapter.3}{\376\377\000M\000o\000d\000e\000l\000l\000i\000\040\000e\000\040\000t\000e\000o\000r\000i\000e\000\040\000a\000s\000s\000e\000r\000z\000i\000o\000n\000a\000l\000i}{}% 11
\BOOKMARK [1][-]{section.3.1}{\376\377\000M\000o\000d\000e\000l\000l\000i}{chapter.3}% 12
\BOOKMARK [1][-]{section.3.2}{\376\377\000T\000e\000o\000r\000i\000e\000\040\000a\000s\000s\000e\000r\000z\000i\000o\000n\000a\000l\000i}{chapter.3}% 13
\BOOKMARK [1][-]{section.3.3}{\376\377\000F\000u\000n\000z\000i\000o\000n\000i\000\040\000d\000'\000i\000n\000t\000e\000r\000p\000r\000e\000t\000a\000z\000i\000o\000n\000e}{chapter.3}% 14
\BOOKMARK [0][-]{chapter.4}{\376\377\000M\000o\000d\000e\000l\000l\000i\000\040\000f\000o\000r\000m\000a\000l\000i\000\040\000e\000\040\000t\000e\000o\000r\000i\000e\000\040\000a\000s\000s\000e\000r\000z\000i\000o\000n\000a\000l\000i}{}% 15
\BOOKMARK [1][-]{section.4.1}{\376\377\000T\000e\000o\000r\000i\000a\000\040\000d\000e\000g\000l\000i\000\040\000i\000n\000s\000i\000e\000m\000i}{chapter.4}% 16
\BOOKMARK [2][-]{subsection.4.1.1}{\376\377\000D\000e\000f\000i\000n\000i\000z\000i\000o\000n\000i\000\040\000b\000a\000s\000e}{section.4.1}% 17
\BOOKMARK [2][-]{subsection.4.1.2}{\376\377\000R\000e\000l\000a\000z\000i\000o\000n\000i}{section.4.1}% 18
\BOOKMARK [2][-]{subsection.4.1.3}{\376\377\000F\000u\000n\000z\000i\000o\000n\000i}{section.4.1}% 19
\BOOKMARK [1][-]{section.4.2}{\376\377\000T\000e\000o\000r\000i\000e\000\040\000d\000e\000i\000\040\000g\000r\000a\000f\000i}{chapter.4}% 20
\BOOKMARK [2][-]{subsection.4.2.1}{\376\377\000N\000o\000z\000i\000o\000n\000i\000\040\000b\000a\000s\000e}{section.4.2}% 21
\BOOKMARK [2][-]{subsection.4.2.2}{\376\377\000G\000r\000a\000f\000i\000\040\000.\000.\000.}{section.4.2}% 22
\BOOKMARK [1][-]{section.4.3}{\376\377\000E\000s\000e\000r\000c\000i\000z\000i}{chapter.4}% 23
\BOOKMARK [0][-]{chapter.5}{\376\377\000M\000o\000d\000e\000l\000l\000o\000\040\000d\000e\000l\000\040\000M\000o\000n\000d\000o\000\040\000-\000\040\000R\000a\000p\000p\000r\000e\000s\000e\000n\000t\000a\000z\000i\000o\000n\000e\000\040\000E\000s\000t\000e\000n\000s\000i\000o\000n\000a\000l\000e}{}% 24
\BOOKMARK [1][-]{section.5.1}{\376\377\000D\000o\000m\000i\000n\000i\000o}{chapter.5}% 25
\BOOKMARK [1][-]{section.5.2}{\376\377\000L\000i\000n\000g\000u\000a\000g\000g\000i\000o\000\040\000a\000s\000s\000e\000r\000z\000i\000o\000n\000a\000l\000e}{chapter.5}% 26
\BOOKMARK [1][-]{section.5.3}{\376\377\000F\000u\000n\000z\000i\000o\000n\000e\000\040\000d\000'\000i\000n\000t\000e\000r\000p\000r\000e\000t\000a\000z\000i\000o\000n\000e}{chapter.5}% 27
